========================================
Starting mapping for: trim_ERR1801006_pass
========================================
[M::bwa_idx_load_from_disk] read 0 ALT contigs
[M::process] read 392196 sequences (20000056 bp)...
[M::process] read 392200 sequences (20000081 bp)...
[M::mem_process_seqs] Processed 392196 reads in 8.527 CPU sec, 4.296 real sec
[M::process] read 392282 sequences (20000032 bp)...
[M::mem_process_seqs] Processed 392200 reads in 8.396 CPU sec, 4.284 real sec
[M::process] read 392224 sequences (20000080 bp)...
[M::mem_process_seqs] Processed 392282 reads in 8.445 CPU sec, 4.305 real sec
[M::process] read 392386 sequences (20000034 bp)...
[M::mem_process_seqs] Processed 392224 reads in 8.431 CPU sec, 4.297 real sec
[M::process] read 392204 sequences (20000047 bp)...
[M::mem_process_seqs] Processed 392386 reads in 8.440 CPU sec, 4.305 real sec
[M::process] read 392204 sequences (20000027 bp)...
[M::mem_process_seqs] Processed 392204 reads in 8.434 CPU sec, 4.306 real sec
[M::process] read 392328 sequences (20000099 bp)...
[M::mem_process_seqs] Processed 392204 reads in 8.435 CPU sec, 4.308 real sec
[M::process] read 392338 sequences (20000084 bp)...
[M::mem_process_seqs] Processed 392328 reads in 8.507 CPU sec, 4.337 real sec
[M::process] read 392374 sequences (20000081 bp)...
[M::mem_process_seqs] Processed 392338 reads in 8.445 CPU sec, 4.306 real sec
[M::process] read 392196 sequences (20000088 bp)...
[M::mem_process_seqs] Processed 392374 reads in 8.412 CPU sec, 4.291 real sec
[M::process] read 392200 sequences (20000002 bp)...
[M::mem_process_seqs] Processed 392196 reads in 8.267 CPU sec, 4.216 real sec
[M::process] read 392204 sequences (20000010 bp)...
[M::mem_process_seqs] Processed 392200 reads in 8.189 CPU sec, 4.177 real sec
[M::process] read 392222 sequences (20000099 bp)...
[M::mem_process_seqs] Processed 392204 reads in 8.232 CPU sec, 4.201 real sec
[M::process] read 392318 sequences (20000014 bp)...
[M::mem_process_seqs] Processed 392222 reads in 8.309 CPU sec, 4.244 real sec
[M::process] read 392200 sequences (20000086 bp)...
[M::mem_process_seqs] Processed 392318 reads in 8.277 CPU sec, 4.221 real sec
[M::process] read 392204 sequences (20000074 bp)...
[M::mem_process_seqs] Processed 392200 reads in 8.321 CPU sec, 4.242 real sec
[M::process] read 392320 sequences (20000052 bp)...
[M::mem_process_seqs] Processed 392204 reads in 8.278 CPU sec, 4.223 real sec
[M::process] read 370088 sequences (18856485 bp)...
[M::mem_process_seqs] Processed 392320 reads in 8.376 CPU sec, 4.272 real sec
[M::mem_process_seqs] Processed 370088 reads in 7.435 CPU sec, 3.801 real sec
[main] Version: 0.7.19-r1273
[main] CMD: bwa mem -t 2 e745_assembly.fasta trim_ERR1801006_pass.fastq.gz
[main] Real time: 81.334 sec; CPU: 158.733 sec
[bam_sort_core] merging from 0 files and 2 in-memory blocks...
Finished trim_ERR1801006_pass!
========================================
Starting mapping for: trim_ERR1801007_pass
========================================
[M::bwa_idx_load_from_disk] read 0 ALT contigs
[M::process] read 392188 sequences (20000100 bp)...
[M::process] read 392188 sequences (20000001 bp)...
[M::mem_process_seqs] Processed 392188 reads in 8.084 CPU sec, 4.062 real sec
[M::process] read 392210 sequences (20000020 bp)...
[M::mem_process_seqs] Processed 392188 reads in 8.196 CPU sec, 4.183 real sec
[M::process] read 392308 sequences (20000004 bp)...
[M::mem_process_seqs] Processed 392210 reads in 8.342 CPU sec, 4.259 real sec
[M::process] read 392292 sequences (20000022 bp)...
[M::mem_process_seqs] Processed 392308 reads in 8.328 CPU sec, 4.250 real sec
[M::process] read 392230 sequences (20000074 bp)...
[M::mem_process_seqs] Processed 392292 reads in 8.341 CPU sec, 4.254 real sec
[M::process] read 392192 sequences (20000006 bp)...
[M::mem_process_seqs] Processed 392230 reads in 8.329 CPU sec, 4.252 real sec
[M::process] read 392192 sequences (20000036 bp)...
[M::mem_process_seqs] Processed 392192 reads in 8.208 CPU sec, 4.195 real sec
[M::process] read 392336 sequences (20000090 bp)...
[M::mem_process_seqs] Processed 392192 reads in 8.281 CPU sec, 4.224 real sec
[M::process] read 392372 sequences (20000047 bp)...
[M::mem_process_seqs] Processed 392336 reads in 8.412 CPU sec, 4.289 real sec
[M::process] read 392186 sequences (20000101 bp)...
[M::mem_process_seqs] Processed 392372 reads in 8.403 CPU sec, 4.289 real sec
[M::process] read 392186 sequences (20000061 bp)...
[M::mem_process_seqs] Processed 392186 reads in 8.366 CPU sec, 4.268 real sec
[M::process] read 392190 sequences (20000056 bp)...
[M::mem_process_seqs] Processed 392186 reads in 8.403 CPU sec, 4.290 real sec
[M::process] read 392192 sequences (20000062 bp)...
[M::mem_process_seqs] Processed 392190 reads in 8.455 CPU sec, 4.314 real sec
[M::process] read 392202 sequences (20000084 bp)...
[M::mem_process_seqs] Processed 392192 reads in 8.489 CPU sec, 4.334 real sec
[M::process] read 392230 sequences (20000090 bp)...
[M::mem_process_seqs] Processed 392202 reads in 8.314 CPU sec, 4.245 real sec
[M::process] read 392188 sequences (20000048 bp)...
[M::mem_process_seqs] Processed 392230 reads in 8.318 CPU sec, 4.245 real sec
[M::process] read 392192 sequences (20000070 bp)...
[M::mem_process_seqs] Processed 392188 reads in 8.413 CPU sec, 4.294 real sec
[M::process] read 392308 sequences (20000077 bp)...
[M::mem_process_seqs] Processed 392192 reads in 8.344 CPU sec, 4.256 real sec
[M::process] read 392330 sequences (20000088 bp)...
[M::mem_process_seqs] Processed 392308 reads in 8.288 CPU sec, 4.231 real sec
[M::process] read 57964 sequences (2953939 bp)...
[M::mem_process_seqs] Processed 392330 reads in 7.829 CPU sec, 3.998 real sec
[M::mem_process_seqs] Processed 57964 reads in 1.293 CPU sec, 0.712 real sec
[main] Version: 0.7.19-r1273
[main] CMD: bwa mem -t 2 e745_assembly.fasta trim_ERR1801007_pass.fastq.gz
[main] Real time: 86.034 sec; CPU: 167.928 sec
[bam_sort_core] merging from 0 files and 2 in-memory blocks...
Finished trim_ERR1801007_pass!
========================================
Starting mapping for: trim_ERR1801008_pass
========================================
[M::bwa_idx_load_from_disk] read 0 ALT contigs
[M::process] read 392194 sequences (20000020 bp)...
[M::process] read 392238 sequences (20000098 bp)...
[M::mem_process_seqs] Processed 392194 reads in 8.566 CPU sec, 4.305 real sec
[M::process] read 392272 sequences (20000087 bp)...
[M::mem_process_seqs] Processed 392238 reads in 8.536 CPU sec, 4.353 real sec
[M::process] read 392238 sequences (20000002 bp)...
[M::mem_process_seqs] Processed 392272 reads in 8.600 CPU sec, 4.388 real sec
[M::process] read 392204 sequences (20000049 bp)...
[M::mem_process_seqs] Processed 392238 reads in 8.583 CPU sec, 4.381 real sec
[M::process] read 392350 sequences (20000059 bp)...
[M::mem_process_seqs] Processed 392204 reads in 8.548 CPU sec, 4.368 real sec
[M::process] read 392220 sequences (20000052 bp)...
[M::mem_process_seqs] Processed 392350 reads in 8.630 CPU sec, 4.399 real sec
[M::process] read 392200 sequences (20000096 bp)...
[M::mem_process_seqs] Processed 392220 reads in 8.449 CPU sec, 4.309 real sec
[M::process] read 392236 sequences (20000001 bp)...
[M::mem_process_seqs] Processed 392200 reads in 8.526 CPU sec, 4.344 real sec
[M::process] read 392238 sequences (20000065 bp)...
[M::mem_process_seqs] Processed 392236 reads in 8.461 CPU sec, 4.313 real sec
[M::process] read 392198 sequences (20000035 bp)...
[M::mem_process_seqs] Processed 392238 reads in 8.506 CPU sec, 4.342 real sec
[M::process] read 392256 sequences (20000046 bp)...
[M::mem_process_seqs] Processed 392198 reads in 8.560 CPU sec, 4.366 real sec
[M::process] read 141333 sequences (7202861 bp)...
[M::mem_process_seqs] Processed 392256 reads in 8.310 CPU sec, 4.245 real sec
[M::mem_process_seqs] Processed 141333 reads in 3.028 CPU sec, 1.585 real sec
[main] Version: 0.7.19-r1273
[main] CMD: bwa mem -t 2 e745_assembly.fasta trim_ERR1801008_pass.fastq.gz
[main] Real time: 54.309 sec; CPU: 105.796 sec
[bam_sort_core] merging from 0 files and 2 in-memory blocks...
Finished trim_ERR1801008_pass!
========================================
Starting mapping for: trim_ERR1801009_pass
========================================
[M::bwa_idx_load_from_disk] read 0 ALT contigs
[M::process] read 392198 sequences (20000089 bp)...
[M::process] read 392200 sequences (20000101 bp)...
[M::mem_process_seqs] Processed 392198 reads in 8.556 CPU sec, 4.313 real sec
[M::process] read 392290 sequences (20000069 bp)...
[M::mem_process_seqs] Processed 392200 reads in 8.381 CPU sec, 4.279 real sec
[M::process] read 392228 sequences (20000090 bp)...
[M::mem_process_seqs] Processed 392290 reads in 8.538 CPU sec, 4.355 real sec
[M::process] read 392358 sequences (20000068 bp)...
[M::mem_process_seqs] Processed 392228 reads in 8.472 CPU sec, 4.322 real sec
[M::process] read 392204 sequences (20000075 bp)...
[M::mem_process_seqs] Processed 392358 reads in 8.510 CPU sec, 4.343 real sec
[M::process] read 392204 sequences (20000004 bp)...
[M::mem_process_seqs] Processed 392204 reads in 8.521 CPU sec, 4.345 real sec
[M::process] read 392268 sequences (20000007 bp)...
[M::mem_process_seqs] Processed 392204 reads in 8.522 CPU sec, 4.351 real sec
[M::process] read 392348 sequences (20000067 bp)...
[M::mem_process_seqs] Processed 392268 reads in 8.458 CPU sec, 4.313 real sec
[M::process] read 392418 sequences (20000053 bp)...
[M::mem_process_seqs] Processed 392348 reads in 8.563 CPU sec, 4.367 real sec
[M::process] read 392200 sequences (20000003 bp)...
[M::mem_process_seqs] Processed 392418 reads in 8.584 CPU sec, 4.379 real sec
[M::process] read 392200 sequences (20000084 bp)...
[M::mem_process_seqs] Processed 392200 reads in 8.617 CPU sec, 4.397 real sec
[M::process] read 392204 sequences (20000088 bp)...
[M::mem_process_seqs] Processed 392200 reads in 8.659 CPU sec, 4.427 real sec
[M::process] read 392224 sequences (20000041 bp)...
[M::mem_process_seqs] Processed 392204 reads in 8.614 CPU sec, 4.394 real sec
[M::process] read 392318 sequences (20000073 bp)...
[M::mem_process_seqs] Processed 392224 reads in 8.563 CPU sec, 4.367 real sec
[M::process] read 392198 sequences (20000004 bp)...
[M::mem_process_seqs] Processed 392318 reads in 8.492 CPU sec, 4.332 real sec
[M::process] read 392204 sequences (20000095 bp)...
[M::mem_process_seqs] Processed 392198 reads in 8.484 CPU sec, 4.330 real sec
[M::process] read 392280 sequences (20000041 bp)...
[M::mem_process_seqs] Processed 392204 reads in 8.615 CPU sec, 4.396 real sec
[M::process] read 392330 sequences (20000096 bp)...
[M::mem_process_seqs] Processed 392280 reads in 8.720 CPU sec, 4.453 real sec
[M::process] read 230955 sequences (11766907 bp)...
[M::mem_process_seqs] Processed 392330 reads in 9.018 CPU sec, 4.600 real sec
[M::mem_process_seqs] Processed 230955 reads in 4.867 CPU sec, 2.507 real sec
[main] Version: 0.7.19-r1273
[main] CMD: bwa mem -t 2 e745_assembly.fasta trim_ERR1801009_pass.fastq.gz
[main] Real time: 86.213 sec; CPU: 168.292 sec
[bam_sort_core] merging from 0 files and 2 in-memory blocks...
Finished trim_ERR1801009_pass!
========================================
Starting mapping for: trim_ERR1801010_pass
========================================
[M::bwa_idx_load_from_disk] read 0 ALT contigs
[M::process] read 392200 sequences (20000066 bp)...
[M::process] read 392204 sequences (20000100 bp)...
[M::mem_process_seqs] Processed 392200 reads in 8.492 CPU sec, 4.280 real sec
[M::process] read 392250 sequences (20000094 bp)...
[M::mem_process_seqs] Processed 392204 reads in 8.314 CPU sec, 4.241 real sec
[M::process] read 392226 sequences (20000066 bp)...
[M::mem_process_seqs] Processed 392250 reads in 8.501 CPU sec, 4.343 real sec
[M::process] read 392466 sequences (20000016 bp)...
[M::mem_process_seqs] Processed 392226 reads in 8.487 CPU sec, 4.329 real sec
[M::process] read 392206 sequences (20000051 bp)...
[M::mem_process_seqs] Processed 392466 reads in 8.507 CPU sec, 4.339 real sec
[M::process] read 392206 sequences (20000013 bp)...
[M::mem_process_seqs] Processed 392206 reads in 8.327 CPU sec, 4.247 real sec
[M::process] read 392330 sequences (20000079 bp)...
[M::mem_process_seqs] Processed 392206 reads in 8.439 CPU sec, 4.304 real sec
[M::process] read 392606 sequences (20000031 bp)...
[M::mem_process_seqs] Processed 392330 reads in 8.346 CPU sec, 4.257 real sec
[M::process] read 392196 sequences (20000080 bp)...
[M::mem_process_seqs] Processed 392606 reads in 8.423 CPU sec, 4.293 real sec
[M::process] read 392200 sequences (20000081 bp)...
[M::mem_process_seqs] Processed 392196 reads in 8.325 CPU sec, 4.250 real sec
[M::process] read 392198 sequences (20000020 bp)...
[M::mem_process_seqs] Processed 392200 reads in 8.440 CPU sec, 4.306 real sec
[M::process] read 392216 sequences (20000020 bp)...
[M::mem_process_seqs] Processed 392198 reads in 8.425 CPU sec, 4.299 real sec
[M::process] read 392358 sequences (20000099 bp)...
[M::mem_process_seqs] Processed 392216 reads in 8.400 CPU sec, 4.291 real sec
[M::process] read 392198 sequences (20000005 bp)...
[M::mem_process_seqs] Processed 392358 reads in 8.389 CPU sec, 4.278 real sec
[M::process] read 392200 sequences (20000001 bp)...
[M::mem_process_seqs] Processed 392198 reads in 8.397 CPU sec, 4.285 real sec
[M::process] read 392274 sequences (20000019 bp)...
[M::mem_process_seqs] Processed 392200 reads in 8.437 CPU sec, 4.298 real sec
[M::process] read 293622 sequences (14949353 bp)...
[M::mem_process_seqs] Processed 392274 reads in 8.292 CPU sec, 4.239 real sec
[M::mem_process_seqs] Processed 293622 reads in 6.082 CPU sec, 3.119 real sec
[main] Version: 0.7.19-r1273
[main] CMD: bwa mem -t 2 e745_assembly.fasta trim_ERR1801010_pass.fastq.gz
[main] Real time: 76.650 sec; CPU: 149.583 sec
[bam_sort_core] merging from 0 files and 2 in-memory blocks...
Finished trim_ERR1801010_pass!
========================================
Starting mapping for: trim_ERR1801011_pass
========================================
[M::bwa_idx_load_from_disk] read 0 ALT contigs
[M::process] read 392190 sequences (20000035 bp)...
[M::process] read 392196 sequences (20000079 bp)...
[M::mem_process_seqs] Processed 392190 reads in 8.630 CPU sec, 4.337 real sec
[M::process] read 392280 sequences (20000101 bp)...
[M::mem_process_seqs] Processed 392196 reads in 8.576 CPU sec, 4.379 real sec
[M::process] read 392254 sequences (20000101 bp)...
[M::mem_process_seqs] Processed 392280 reads in 8.627 CPU sec, 4.401 real sec
[M::process] read 392332 sequences (20000038 bp)...
[M::mem_process_seqs] Processed 392254 reads in 8.496 CPU sec, 4.339 real sec
[M::process] read 392198 sequences (20000009 bp)...
[M::mem_process_seqs] Processed 392332 reads in 8.657 CPU sec, 4.414 real sec
[M::process] read 392200 sequences (20000064 bp)...
[M::mem_process_seqs] Processed 392198 reads in 8.600 CPU sec, 4.384 real sec
[M::process] read 392388 sequences (20000041 bp)...
[M::mem_process_seqs] Processed 392200 reads in 8.568 CPU sec, 4.369 real sec
[M::process] read 392418 sequences (20000025 bp)...
[M::mem_process_seqs] Processed 392388 reads in 8.559 CPU sec, 4.364 real sec
[M::process] read 392190 sequences (20000056 bp)...
[M::mem_process_seqs] Processed 392418 reads in 8.546 CPU sec, 4.358 real sec
[M::process] read 392190 sequences (20000004 bp)...
[M::mem_process_seqs] Processed 392190 reads in 8.576 CPU sec, 4.375 real sec
[M::process] read 392200 sequences (20000085 bp)...
[M::mem_process_seqs] Processed 392190 reads in 8.554 CPU sec, 4.364 real sec
[M::process] read 392266 sequences (20000001 bp)...
[M::mem_process_seqs] Processed 392200 reads in 8.681 CPU sec, 4.428 real sec
[M::process] read 392298 sequences (20000030 bp)...
[M::mem_process_seqs] Processed 392266 reads in 8.699 CPU sec, 4.436 real sec
[M::process] read 392192 sequences (20000034 bp)...
[M::mem_process_seqs] Processed 392298 reads in 8.668 CPU sec, 4.420 real sec
[M::process] read 392206 sequences (20000078 bp)...
[M::mem_process_seqs] Processed 392192 reads in 8.593 CPU sec, 4.388 real sec
[M::process] read 392304 sequences (20000002 bp)...
[M::mem_process_seqs] Processed 392206 reads in 8.667 CPU sec, 4.424 real sec
[M::process] read 266629 sequences (13586359 bp)...
[M::mem_process_seqs] Processed 392304 reads in 8.550 CPU sec, 4.366 real sec
[M::mem_process_seqs] Processed 266629 reads in 5.614 CPU sec, 2.885 real sec
[main] Version: 0.7.19-r1273
[main] CMD: bwa mem -t 2 e745_assembly.fasta trim_ERR1801011_pass.fastq.gz
[main] Real time: 78.106 sec; CPU: 152.405 sec
[bam_sort_core] merging from 0 files and 2 in-memory blocks...
Finished trim_ERR1801011_pass!
========================================
Starting mapping for: trim_ERR1801012_pass
========================================
[M::bwa_idx_load_from_disk] read 0 ALT contigs
[M::process] read 392188 sequences (20000072 bp)...
[M::process] read 392194 sequences (20000081 bp)...
[M::mem_process_seqs] Processed 392188 reads in 8.510 CPU sec, 4.277 real sec
[M::process] read 392262 sequences (20000057 bp)...
[M::mem_process_seqs] Processed 392194 reads in 8.364 CPU sec, 4.268 real sec
[M::process] read 392238 sequences (20000088 bp)...
[M::mem_process_seqs] Processed 392262 reads in 8.417 CPU sec, 4.297 real sec
[M::process] read 392282 sequences (20000049 bp)...
[M::mem_process_seqs] Processed 392238 reads in 8.417 CPU sec, 4.297 real sec
[M::process] read 392196 sequences (20000061 bp)...
[M::mem_process_seqs] Processed 392282 reads in 8.394 CPU sec, 4.284 real sec
[M::process] read 392242 sequences (20000098 bp)...
[M::mem_process_seqs] Processed 392196 reads in 8.286 CPU sec, 4.228 real sec
[M::process] read 392288 sequences (20000049 bp)...
[M::mem_process_seqs] Processed 392242 reads in 8.299 CPU sec, 4.233 real sec
[M::process] read 392370 sequences (20000060 bp)...
[M::mem_process_seqs] Processed 392288 reads in 8.256 CPU sec, 4.210 real sec
[M::process] read 392188 sequences (20000007 bp)...
[M::mem_process_seqs] Processed 392370 reads in 8.316 CPU sec, 4.241 real sec
[M::process] read 392194 sequences (20000097 bp)...
[M::mem_process_seqs] Processed 392188 reads in 8.268 CPU sec, 4.219 real sec
[M::process] read 392198 sequences (20000091 bp)...
[M::mem_process_seqs] Processed 392194 reads in 8.267 CPU sec, 4.220 real sec
[M::process] read 392252 sequences (20000029 bp)...
[M::mem_process_seqs] Processed 392198 reads in 8.354 CPU sec, 4.266 real sec
[M::process] read 392216 sequences (20000020 bp)...
[M::mem_process_seqs] Processed 392252 reads in 8.329 CPU sec, 4.254 real sec
[M::process] read 392192 sequences (20000021 bp)...
[M::mem_process_seqs] Processed 392216 reads in 8.344 CPU sec, 4.262 real sec
[M::process] read 392266 sequences (20000059 bp)...
[M::mem_process_seqs] Processed 392192 reads in 8.253 CPU sec, 4.213 real sec
[M::process] read 392322 sequences (20000004 bp)...
[M::mem_process_seqs] Processed 392266 reads in 8.220 CPU sec, 4.197 real sec
[M::process] read 172668 sequences (8799360 bp)...
[M::mem_process_seqs] Processed 392322 reads in 8.012 CPU sec, 4.089 real sec
[M::mem_process_seqs] Processed 172668 reads in 3.467 CPU sec, 1.805 real sec
[main] Version: 0.7.19-r1273
[main] CMD: bwa mem -t 2 e745_assembly.fasta trim_ERR1801012_pass.fastq.gz
[main] Real time: 74.502 sec; CPU: 145.314 sec
[bam_sort_core] merging from 0 files and 2 in-memory blocks...
Finished trim_ERR1801012_pass!
========================================
Starting mapping for: trim_ERR1801013_pass
========================================
[M::bwa_idx_load_from_disk] read 0 ALT contigs
[M::process] read 392196 sequences (20000023 bp)...
[M::process] read 392204 sequences (20000031 bp)...
[M::mem_process_seqs] Processed 392196 reads in 8.347 CPU sec, 4.198 real sec
[M::process] read 392276 sequences (20000018 bp)...
[M::mem_process_seqs] Processed 392204 reads in 8.235 CPU sec, 4.202 real sec
[M::process] read 392294 sequences (20000031 bp)...
[M::mem_process_seqs] Processed 392276 reads in 8.221 CPU sec, 4.192 real sec
[M::process] read 392262 sequences (20000060 bp)...
[M::mem_process_seqs] Processed 392294 reads in 8.232 CPU sec, 4.200 real sec
[M::process] read 392206 sequences (20000095 bp)...
[M::mem_process_seqs] Processed 392262 reads in 8.235 CPU sec, 4.201 real sec
[M::process] read 392310 sequences (20000056 bp)...
[M::mem_process_seqs] Processed 392206 reads in 8.202 CPU sec, 4.191 real sec
[M::process] read 392352 sequences (20000028 bp)...
[M::mem_process_seqs] Processed 392310 reads in 8.202 CPU sec, 4.185 real sec
[M::process] read 392290 sequences (20000074 bp)...
[M::mem_process_seqs] Processed 392352 reads in 8.187 CPU sec, 4.175 real sec
[M::process] read 392196 sequences (20000078 bp)...
[M::mem_process_seqs] Processed 392290 reads in 8.217 CPU sec, 4.192 real sec
[M::process] read 392204 sequences (20000089 bp)...
[M::mem_process_seqs] Processed 392196 reads in 8.370 CPU sec, 4.272 real sec
[M::process] read 392220 sequences (20000026 bp)...
[M::mem_process_seqs] Processed 392204 reads in 8.390 CPU sec, 4.283 real sec
[M::process] read 392290 sequences (20000055 bp)...
[M::mem_process_seqs] Processed 392220 reads in 8.347 CPU sec, 4.263 real sec
[M::process] read 392200 sequences (20000057 bp)...
[M::mem_process_seqs] Processed 392290 reads in 8.291 CPU sec, 4.232 real sec
[M::process] read 392204 sequences (20000001 bp)...
[M::mem_process_seqs] Processed 392200 reads in 8.331 CPU sec, 4.248 real sec
[M::process] read 392326 sequences (20000052 bp)...
[M::mem_process_seqs] Processed 392204 reads in 8.386 CPU sec, 4.282 real sec
[M::process] read 246389 sequences (12553847 bp)...
[M::mem_process_seqs] Processed 392326 reads in 8.208 CPU sec, 4.193 real sec
[M::mem_process_seqs] Processed 246389 reads in 4.957 CPU sec, 2.553 real sec
[main] Version: 0.7.19-r1273
[main] CMD: bwa mem -t 2 e745_assembly.fasta trim_ERR1801013_pass.fastq.gz
[main] Real time: 70.721 sec; CPU: 137.892 sec
[bam_sort_core] merging from 0 files and 2 in-memory blocks...
Finished trim_ERR1801013_pass!
========================================
Starting mapping for: trim_ERR1801014_pass
========================================
[M::bwa_idx_load_from_disk] read 0 ALT contigs
[M::process] read 392198 sequences (20000036 bp)...
[M::process] read 392208 sequences (20000070 bp)...
[M::mem_process_seqs] Processed 392198 reads in 8.330 CPU sec, 4.191 real sec
[M::process] read 392312 sequences (20000005 bp)...
[M::mem_process_seqs] Processed 392208 reads in 8.155 CPU sec, 4.163 real sec
[M::process] read 392376 sequences (20000058 bp)...
[M::mem_process_seqs] Processed 392312 reads in 8.289 CPU sec, 4.231 real sec
[M::process] read 392316 sequences (20000023 bp)...
[M::mem_process_seqs] Processed 392376 reads in 8.236 CPU sec, 4.199 real sec
[M::process] read 392208 sequences (20000003 bp)...
[M::mem_process_seqs] Processed 392316 reads in 8.302 CPU sec, 4.238 real sec
[M::process] read 392428 sequences (20000019 bp)...
[M::mem_process_seqs] Processed 392208 reads in 8.296 CPU sec, 4.234 real sec
[M::process] read 392516 sequences (20000023 bp)...
[M::mem_process_seqs] Processed 392428 reads in 8.217 CPU sec, 4.193 real sec
[M::process] read 392328 sequences (20000013 bp)...
[M::mem_process_seqs] Processed 392516 reads in 8.120 CPU sec, 4.147 real sec
[M::process] read 392198 sequences (20000096 bp)...
[M::mem_process_seqs] Processed 392328 reads in 8.278 CPU sec, 4.222 real sec
[M::process] read 392204 sequences (20000089 bp)...
[M::mem_process_seqs] Processed 392198 reads in 8.113 CPU sec, 4.143 real sec
[M::process] read 392218 sequences (20000008 bp)...
[M::mem_process_seqs] Processed 392204 reads in 8.148 CPU sec, 4.156 real sec
[M::process] read 392354 sequences (20000021 bp)...
[M::mem_process_seqs] Processed 392218 reads in 8.230 CPU sec, 4.201 real sec
[M::process] read 392200 sequences (20000091 bp)...
[M::mem_process_seqs] Processed 392354 reads in 8.241 CPU sec, 4.203 real sec
[M::process] read 392206 sequences (20000041 bp)...
[M::mem_process_seqs] Processed 392200 reads in 8.203 CPU sec, 4.186 real sec
[M::process] read 392430 sequences (20000007 bp)...
[M::mem_process_seqs] Processed 392206 reads in 8.145 CPU sec, 4.161 real sec
[M::process] read 161634 sequences (8224485 bp)...
[M::mem_process_seqs] Processed 392430 reads in 7.870 CPU sec, 4.020 real sec
[M::mem_process_seqs] Processed 161634 reads in 3.237 CPU sec, 1.687 real sec
[main] Version: 0.7.19-r1273
[main] CMD: bwa mem -t 2 e745_assembly.fasta trim_ERR1801014_pass.fastq.gz
[main] Real time: 69.197 sec; CPU: 134.915 sec
[bam_sort_core] merging from 0 files and 2 in-memory blocks...
Finished trim_ERR1801014_pass!
